Build started...
17:05:51 **** Incremental Build of configuration TriCore Debug (TASKING) for project Ex_Scheduling ****
amk -j8 all 
TASKING VX-toolset for AURIX Development Studio (non-commercial): program builder v1.1r8 Build 22011964
Building target: Ex_Scheduling.elf
Invoking: TASKING Linker
cctc -f .Ex_Scheduling.elf.opt
ltc E106: unresolved external: cpuSyncEvent - (Cpu1_Main.o)
amk E452: ["makefile" 83/0] target 'Ex_Scheduling.elf' returned exit code 1
ltc F019: unrecoverable error: fatal link error
amk E451: make stopped
"amk -j8 all" terminated with exit code 1. Build might be incomplete.
Build started...
17:06:44 **** Incremental Build of configuration TriCore Debug (TASKING) for project Ex_Scheduling ****
amk -j8 all 
TASKING VX-toolset for AURIX Development Studio (non-commercial): program builder v1.1r8 Build 22011964
cctc -cs --dep-file="Cpu0_Main.d" --misrac-version=2012 -D__CPU__=tc27xd "-fC:/Users/User/IVS_TC275/Ex_Scheduling/TriCore Debug (TASKING)/TASKING_C_C___Compiler-Include_paths__-I_.opt" --iso=99 --c++14 --language=+volatile --exceptions --anachronisms --fp-model=3 -O0 --tradeoff=4 --compact-max-size=200 -g -Wc-w544 -Wc-w557 -Ctc27xd -Y0 -N0 -Z0 -o "Cpu0_Main.src" "../Cpu0_Main.c"
astc -Og -Os --no-warnings= --error-limit=42 -o  "Cpu0_Main.o" "Cpu0_Main.src"
Building target: Ex_Scheduling.elf
Invoking: TASKING Linker
cctc -f .Ex_Scheduling.elf.opt
ltc E106: unresolved external: cpuSyncEvent - (Cpu1_Main.o)
amk E452: ["makefile" 83/0] target 'Ex_Scheduling.elf' returned exit code 1
ltc F019: unrecoverable error: fatal link error
amk E451: make stopped
"amk -j8 all" terminated with exit code 1. Build might be incomplete.
Build started...
17:07:15 **** Incremental Build of configuration TriCore Debug (TASKING) for project Ex_Scheduling ****
amk -j8 all 
TASKING VX-toolset for AURIX Development Studio (non-commercial): program builder v1.1r8 Build 22011964
cctc -cs --dep-file="Cpu0_Main.d" --misrac-version=2012 -D__CPU__=tc27xd "-fC:/Users/User/IVS_TC275/Ex_Scheduling/TriCore Debug (TASKING)/TASKING_C_C___Compiler-Include_paths__-I_.opt" --iso=99 --c++14 --language=+volatile --exceptions --anachronisms --fp-model=3 -O0 --tradeoff=4 --compact-max-size=200 -g -Wc-w544 -Wc-w557 -Ctc27xd -Y0 -N0 -Z0 -o "Cpu0_Main.src" "../Cpu0_Main.c"
astc -Og -Os --no-warnings= --error-limit=42 -o  "Cpu0_Main.o" "Cpu0_Main.src"
Building target: Ex_Scheduling.elf
Invoking: TASKING Linker
cctc -f .Ex_Scheduling.elf.opt
Finished building target: Ex_Scheduling.elf
 
Invoking: Print Size
elfsize  "Ex_Scheduling.elf"
Total sizes:
ROM: 0x25c8 (9672) = code: 0x23c6 (9158) + romdata: 0x202 (514)
RAM: 0x9534 (38196) = data + bss
Finished building: Ex_Scheduling.siz
 
Build started...
17:07:35 **** Incremental Build of configuration TriCore Debug (TASKING) for project Ex_Scheduling ****
amk -j8 all 
TASKING VX-toolset for AURIX Development Studio (non-commercial): program builder v1.1r8 Build 22011964
cctc -cs --dep-file="Cpu0_Main.d" --misrac-version=2012 -D__CPU__=tc27xd "-fC:/Users/User/IVS_TC275/Ex_Scheduling/TriCore Debug (TASKING)/TASKING_C_C___Compiler-Include_paths__-I_.opt" --iso=99 --c++14 --language=+volatile --exceptions --anachronisms --fp-model=3 -O0 --tradeoff=4 --compact-max-size=200 -g -Wc-w544 -Wc-w557 -Ctc27xd -Y0 -N0 -Z0 -o "Cpu0_Main.src" "../Cpu0_Main.c"
astc -Og -Os --no-warnings= --error-limit=42 -o  "Cpu0_Main.o" "Cpu0_Main.src"
Building target: Ex_Scheduling.elf
Invoking: TASKING Linker
cctc -f .Ex_Scheduling.elf.opt
ltc E106: unresolved external: cpuSyncEvent - (Cpu1_Main.o)
ltc F019: unrecoverable error: fatal link error
amk E452: ["makefile" 83/0] target 'Ex_Scheduling.elf' returned exit code 1
amk E451: make stopped
"amk -j8 all" terminated with exit code 1. Build might be incomplete.
Build started...
17:07:46 **** Incremental Build of configuration TriCore Debug (TASKING) for project Ex_Scheduling ****
amk -j8 all 
TASKING VX-toolset for AURIX Development Studio (non-commercial): program builder v1.1r8 Build 22011964
cctc -cs --dep-file="Cpu0_Main.d" --misrac-version=2012 -D__CPU__=tc27xd "-fC:/Users/User/IVS_TC275/Ex_Scheduling/TriCore Debug (TASKING)/TASKING_C_C___Compiler-Include_paths__-I_.opt" --iso=99 --c++14 --language=+volatile --exceptions --anachronisms --fp-model=3 -O0 --tradeoff=4 --compact-max-size=200 -g -Wc-w544 -Wc-w557 -Ctc27xd -Y0 -N0 -Z0 -o "Cpu0_Main.src" "../Cpu0_Main.c"
astc -Og -Os --no-warnings= --error-limit=42 -o  "Cpu0_Main.o" "Cpu0_Main.src"
Building target: Ex_Scheduling.elf
Invoking: TASKING Linker
cctc -f .Ex_Scheduling.elf.opt
Finished building target: Ex_Scheduling.elf
 
Invoking: Print Size
elfsize  "Ex_Scheduling.elf"
Total sizes:
ROM: 0x25c8 (9672) = code: 0x23c6 (9158) + romdata: 0x202 (514)
RAM: 0x9534 (38196) = data + bss
Finished building: Ex_Scheduling.siz
 
Build started...
17:08:24 **** Incremental Build of configuration TriCore Debug (TASKING) for project Ex_Scheduling ****
amk -j8 all 
TASKING VX-toolset for AURIX Development Studio (non-commercial): program builder v1.1r8 Build 22011964
Building target: Ex_Scheduling.elf
Invoking: TASKING Linker
cctc -f .Ex_Scheduling.elf.opt
Finished building target: Ex_Scheduling.elf
 
Invoking: Print Size
elfsize  "Ex_Scheduling.elf"
Total sizes:
ROM: 0x25c8 (9672) = code: 0x23c6 (9158) + romdata: 0x202 (514)
RAM: 0x9534 (38196) = data + bss
Finished building: Ex_Scheduling.siz
 
